0 info it worked if it ends with ok
1 verbose cli [ '/Users/student/.nvm/versions/node/v6.11.3/bin/node',
1 verbose cli   '/Users/student/.nvm/versions/node/v6.11.3/bin/npm',
1 verbose cli   'install' ]
2 info using npm@3.10.10
3 info using node@v6.11.3
4 silly loadCurrentTree Starting
5 silly install loadCurrentTree
6 silly install readLocalPackageData
7 silly install normalizeTree
8 silly loadCurrentTree Finishing
9 silly loadIdealTree Starting
10 silly install loadIdealTree
11 silly cloneCurrentTree Starting
12 silly install cloneCurrentTreeToIdealTree
13 silly cloneCurrentTree Finishing
14 silly loadShrinkwrap Starting
15 silly install loadShrinkwrap
16 silly loadShrinkwrap Finishing
17 silly loadAllDepsIntoIdealTree Starting
18 silly install loadAllDepsIntoIdealTree
19 silly loadAllDepsIntoIdealTree Finishing
20 silly loadIdealTree Finishing
21 silly currentTree shortly-express@1.1.0
21 silly currentTree ├── @babel/parser@7.5.5
21 silly currentTree ├── accepts@1.3.7
21 silly currentTree ├── ajv@6.10.2
21 silly currentTree ├── argparse@1.0.10
21 silly currentTree ├── array-flatten@1.1.1
21 silly currentTree ├── asn1@0.2.4
21 silly currentTree ├── assert-plus@1.0.0
21 silly currentTree ├── assertion-error@1.1.0
21 silly currentTree ├── asynckit@0.4.0
21 silly currentTree ├── aws-sign2@0.7.0
21 silly currentTree ├── aws4@1.8.0
21 silly currentTree ├── bcrypt-pbkdf@1.0.2
21 silly currentTree ├── bignumber.js@7.2.1
21 silly currentTree ├── bluebird@3.5.5
21 silly currentTree ├── body-parser@1.19.0
21 silly currentTree ├── bytes@3.1.0
21 silly currentTree ├── caseless@0.12.0
21 silly currentTree ├── catharsis@0.8.11
21 silly currentTree ├── chai@3.5.0
21 silly currentTree ├── combined-stream@1.0.8
21 silly currentTree ├── commander@2.3.0
21 silly currentTree ├── content-disposition@0.5.3
21 silly currentTree ├── content-type@1.0.4
21 silly currentTree ├── cookie-signature@1.0.6
21 silly currentTree ├── cookie@0.4.0
21 silly currentTree ├── core-util-is@1.0.2
21 silly currentTree ├── dashdash@1.14.1
21 silly currentTree ├── debug@2.6.9
21 silly currentTree ├─┬ deep-eql@0.1.3
21 silly currentTree │ └── type-detect@0.1.1
21 silly currentTree ├── delayed-stream@1.0.0
21 silly currentTree ├── depd@1.1.2
21 silly currentTree ├── destroy@1.0.4
21 silly currentTree ├── diff@1.4.0
21 silly currentTree ├── ecc-jsbn@0.1.2
21 silly currentTree ├── ee-first@1.1.1
21 silly currentTree ├── ejs@2.6.2
21 silly currentTree ├── encodeurl@1.0.2
21 silly currentTree ├── entities@1.1.2
21 silly currentTree ├── escape-html@1.0.3
21 silly currentTree ├── escape-string-regexp@2.0.0
21 silly currentTree ├── eslint-config-hackreactor@1.0.0
21 silly currentTree ├── etag@1.8.1
21 silly currentTree ├── express-partials@0.3.0
21 silly currentTree ├── express@4.17.1
21 silly currentTree ├── extend@3.0.2
21 silly currentTree ├── extsprintf@1.3.0
21 silly currentTree ├── fast-deep-equal@2.0.1
21 silly currentTree ├── fast-json-stable-stringify@2.0.0
21 silly currentTree ├── finalhandler@1.1.2
21 silly currentTree ├── forever-agent@0.6.1
21 silly currentTree ├── form-data@2.3.3
21 silly currentTree ├── forwarded@0.1.2
21 silly currentTree ├── fresh@0.5.2
21 silly currentTree ├── getpass@0.1.7
21 silly currentTree ├── glob@3.2.11
21 silly currentTree ├── graceful-fs@4.2.1
21 silly currentTree ├── growl@1.9.2
21 silly currentTree ├── har-schema@2.0.0
21 silly currentTree ├── har-validator@5.1.3
21 silly currentTree ├── http-errors@1.7.2
21 silly currentTree ├── http-signature@1.2.0
21 silly currentTree ├── iconv-lite@0.4.24
21 silly currentTree ├── inherits@2.0.3
21 silly currentTree ├── ipaddr.js@1.9.0
21 silly currentTree ├── is-typedarray@1.0.0
21 silly currentTree ├── isarray@1.0.0
21 silly currentTree ├── isstream@0.1.2
21 silly currentTree ├─┬ jade@0.26.3
21 silly currentTree │ ├── commander@0.6.1
21 silly currentTree │ └── mkdirp@0.3.0
21 silly currentTree ├── js2xmlparser@4.0.0
21 silly currentTree ├── jsbn@0.1.1
21 silly currentTree ├── jsdoc@3.6.3
21 silly currentTree ├── json-schema-traverse@0.4.1
21 silly currentTree ├── json-schema@0.2.3
21 silly currentTree ├── json-stringify-safe@5.0.1
21 silly currentTree ├── jsprim@1.4.1
21 silly currentTree ├── klaw@3.0.0
21 silly currentTree ├── linkify-it@2.2.0
21 silly currentTree ├── lodash@4.17.15
21 silly currentTree ├── lru-cache@2.7.3
21 silly currentTree ├── markdown-it-anchor@5.2.4
21 silly currentTree ├── markdown-it@8.4.2
21 silly currentTree ├── marked@0.7.0
21 silly currentTree ├── mdurl@1.0.1
21 silly currentTree ├── media-typer@0.3.0
21 silly currentTree ├── merge-descriptors@1.0.1
21 silly currentTree ├── methods@1.1.2
21 silly currentTree ├── mime-db@1.40.0
21 silly currentTree ├── mime-types@2.1.24
21 silly currentTree ├── mime@1.6.0
21 silly currentTree ├── minimatch@0.3.0
21 silly currentTree ├── minimist@0.0.8
21 silly currentTree ├── mkdirp@0.5.1
21 silly currentTree ├─┬ mocha@2.5.3
21 silly currentTree │ ├── debug@2.2.0
21 silly currentTree │ ├── escape-string-regexp@1.0.2
21 silly currentTree │ └── ms@0.7.1
21 silly currentTree ├── ms@2.0.0
21 silly currentTree ├── mysql@2.17.1
21 silly currentTree ├── negotiator@0.6.2
21 silly currentTree ├── node-mocks-http@1.7.6
21 silly currentTree ├── oauth-sign@0.9.0
21 silly currentTree ├── on-finished@2.3.0
21 silly currentTree ├── parseurl@1.3.3
21 silly currentTree ├── path-to-regexp@0.1.7
21 silly currentTree ├── performance-now@2.1.0
21 silly currentTree ├── process-nextick-args@2.0.1
21 silly currentTree ├── proxy-addr@2.0.5
21 silly currentTree ├── psl@1.3.0
21 silly currentTree ├── punycode@2.1.1
21 silly currentTree ├── qs@6.7.0
21 silly currentTree ├── range-parser@1.2.1
21 silly currentTree ├── raw-body@2.4.0
21 silly currentTree ├── readable-stream@2.3.6
21 silly currentTree ├─┬ request@2.88.0
21 silly currentTree │ └── qs@6.5.2
21 silly currentTree ├── requizzle@0.2.3
21 silly currentTree ├── safe-buffer@5.1.2
21 silly currentTree ├── safer-buffer@2.1.2
21 silly currentTree ├─┬ send@0.17.1
21 silly currentTree │ └── ms@2.1.1
21 silly currentTree ├── serve-static@1.14.1
21 silly currentTree ├── setprototypeof@1.1.1
21 silly currentTree ├── sigmund@1.0.1
21 silly currentTree ├── sprintf-js@1.0.3
21 silly currentTree ├── sqlstring@2.3.1
21 silly currentTree ├── sshpk@1.16.1
21 silly currentTree ├── statuses@1.5.0
21 silly currentTree ├── string_decoder@1.1.1
21 silly currentTree ├── strip-json-comments@3.0.1
21 silly currentTree ├── supports-color@1.2.0
21 silly currentTree ├── taffydb@2.6.2
21 silly currentTree ├── to-iso-string@0.0.2
21 silly currentTree ├── toidentifier@1.0.0
21 silly currentTree ├─┬ tough-cookie@2.4.3
21 silly currentTree │ └── punycode@1.4.1
21 silly currentTree ├── tunnel-agent@0.6.0
21 silly currentTree ├── tweetnacl@0.14.5
21 silly currentTree ├── type-detect@1.0.0
21 silly currentTree ├── type-is@1.6.18
21 silly currentTree ├── uc.micro@1.0.6
21 silly currentTree ├── underscore@1.9.1
21 silly currentTree ├── unpipe@1.0.0
21 silly currentTree ├── uri-js@4.2.2
21 silly currentTree ├── util-deprecate@1.0.2
21 silly currentTree ├── utils-merge@1.0.1
21 silly currentTree ├── uuid@3.3.2
21 silly currentTree ├── vary@1.1.2
21 silly currentTree ├── verror@1.10.0
21 silly currentTree └── xmlcreate@2.0.1
22 silly idealTree shortly-express@1.1.0
22 silly idealTree ├── @babel/parser@7.5.5
22 silly idealTree ├── accepts@1.3.7
22 silly idealTree ├── ajv@6.10.2
22 silly idealTree ├── argparse@1.0.10
22 silly idealTree ├── array-flatten@1.1.1
22 silly idealTree ├── asn1@0.2.4
22 silly idealTree ├── assert-plus@1.0.0
22 silly idealTree ├── assertion-error@1.1.0
22 silly idealTree ├── asynckit@0.4.0
22 silly idealTree ├── aws-sign2@0.7.0
22 silly idealTree ├── aws4@1.8.0
22 silly idealTree ├── bcrypt-pbkdf@1.0.2
22 silly idealTree ├── bignumber.js@7.2.1
22 silly idealTree ├── bluebird@3.5.5
22 silly idealTree ├── body-parser@1.19.0
22 silly idealTree ├── bytes@3.1.0
22 silly idealTree ├── caseless@0.12.0
22 silly idealTree ├── catharsis@0.8.11
22 silly idealTree ├── chai@3.5.0
22 silly idealTree ├── combined-stream@1.0.8
22 silly idealTree ├── commander@2.3.0
22 silly idealTree ├── content-disposition@0.5.3
22 silly idealTree ├── content-type@1.0.4
22 silly idealTree ├── cookie-signature@1.0.6
22 silly idealTree ├── cookie@0.4.0
22 silly idealTree ├── core-util-is@1.0.2
22 silly idealTree ├── dashdash@1.14.1
22 silly idealTree ├── debug@2.6.9
22 silly idealTree ├─┬ deep-eql@0.1.3
22 silly idealTree │ └── type-detect@0.1.1
22 silly idealTree ├── delayed-stream@1.0.0
22 silly idealTree ├── depd@1.1.2
22 silly idealTree ├── destroy@1.0.4
22 silly idealTree ├── diff@1.4.0
22 silly idealTree ├── ecc-jsbn@0.1.2
22 silly idealTree ├── ee-first@1.1.1
22 silly idealTree ├── ejs@2.6.2
22 silly idealTree ├── encodeurl@1.0.2
22 silly idealTree ├── entities@1.1.2
22 silly idealTree ├── escape-html@1.0.3
22 silly idealTree ├── escape-string-regexp@2.0.0
22 silly idealTree ├── eslint-config-hackreactor@1.0.0
22 silly idealTree ├── etag@1.8.1
22 silly idealTree ├── express-partials@0.3.0
22 silly idealTree ├── express@4.17.1
22 silly idealTree ├── extend@3.0.2
22 silly idealTree ├── extsprintf@1.3.0
22 silly idealTree ├── fast-deep-equal@2.0.1
22 silly idealTree ├── fast-json-stable-stringify@2.0.0
22 silly idealTree ├── finalhandler@1.1.2
22 silly idealTree ├── forever-agent@0.6.1
22 silly idealTree ├── form-data@2.3.3
22 silly idealTree ├── forwarded@0.1.2
22 silly idealTree ├── fresh@0.5.2
22 silly idealTree ├── getpass@0.1.7
22 silly idealTree ├── glob@3.2.11
22 silly idealTree ├── graceful-fs@4.2.1
22 silly idealTree ├── growl@1.9.2
22 silly idealTree ├── har-schema@2.0.0
22 silly idealTree ├── har-validator@5.1.3
22 silly idealTree ├── http-errors@1.7.2
22 silly idealTree ├── http-signature@1.2.0
22 silly idealTree ├── iconv-lite@0.4.24
22 silly idealTree ├── inherits@2.0.3
22 silly idealTree ├── ipaddr.js@1.9.0
22 silly idealTree ├── is-typedarray@1.0.0
22 silly idealTree ├── isarray@1.0.0
22 silly idealTree ├── isstream@0.1.2
22 silly idealTree ├─┬ jade@0.26.3
22 silly idealTree │ ├── commander@0.6.1
22 silly idealTree │ └── mkdirp@0.3.0
22 silly idealTree ├── js2xmlparser@4.0.0
22 silly idealTree ├── jsbn@0.1.1
22 silly idealTree ├── jsdoc@3.6.3
22 silly idealTree ├── json-schema-traverse@0.4.1
22 silly idealTree ├── json-schema@0.2.3
22 silly idealTree ├── json-stringify-safe@5.0.1
22 silly idealTree ├── jsprim@1.4.1
22 silly idealTree ├── klaw@3.0.0
22 silly idealTree ├── linkify-it@2.2.0
22 silly idealTree ├── lodash@4.17.15
22 silly idealTree ├── lru-cache@2.7.3
22 silly idealTree ├── markdown-it-anchor@5.2.4
22 silly idealTree ├── markdown-it@8.4.2
22 silly idealTree ├── marked@0.7.0
22 silly idealTree ├── mdurl@1.0.1
22 silly idealTree ├── media-typer@0.3.0
22 silly idealTree ├── merge-descriptors@1.0.1
22 silly idealTree ├── methods@1.1.2
22 silly idealTree ├── mime-db@1.40.0
22 silly idealTree ├── mime-types@2.1.24
22 silly idealTree ├── mime@1.6.0
22 silly idealTree ├── minimatch@0.3.0
22 silly idealTree ├── minimist@0.0.8
22 silly idealTree ├── mkdirp@0.5.1
22 silly idealTree ├─┬ mocha@2.5.3
22 silly idealTree │ ├── debug@2.2.0
22 silly idealTree │ ├── escape-string-regexp@1.0.2
22 silly idealTree │ └── ms@0.7.1
22 silly idealTree ├── ms@2.0.0
22 silly idealTree ├── mysql@2.17.1
22 silly idealTree ├── negotiator@0.6.2
22 silly idealTree ├── node-mocks-http@1.7.6
22 silly idealTree ├── oauth-sign@0.9.0
22 silly idealTree ├── on-finished@2.3.0
22 silly idealTree ├── parseurl@1.3.3
22 silly idealTree ├── path-to-regexp@0.1.7
22 silly idealTree ├── performance-now@2.1.0
22 silly idealTree ├── process-nextick-args@2.0.1
22 silly idealTree ├── proxy-addr@2.0.5
22 silly idealTree ├── psl@1.3.0
22 silly idealTree ├── punycode@2.1.1
22 silly idealTree ├── qs@6.7.0
22 silly idealTree ├── range-parser@1.2.1
22 silly idealTree ├── raw-body@2.4.0
22 silly idealTree ├── readable-stream@2.3.6
22 silly idealTree ├─┬ request@2.88.0
22 silly idealTree │ └── qs@6.5.2
22 silly idealTree ├── requizzle@0.2.3
22 silly idealTree ├── safe-buffer@5.1.2
22 silly idealTree ├── safer-buffer@2.1.2
22 silly idealTree ├─┬ send@0.17.1
22 silly idealTree │ └── ms@2.1.1
22 silly idealTree ├── serve-static@1.14.1
22 silly idealTree ├── setprototypeof@1.1.1
22 silly idealTree ├── sigmund@1.0.1
22 silly idealTree ├── sprintf-js@1.0.3
22 silly idealTree ├── sqlstring@2.3.1
22 silly idealTree ├── sshpk@1.16.1
22 silly idealTree ├── statuses@1.5.0
22 silly idealTree ├── string_decoder@1.1.1
22 silly idealTree ├── strip-json-comments@3.0.1
22 silly idealTree ├── supports-color@1.2.0
22 silly idealTree ├── taffydb@2.6.2
22 silly idealTree ├── to-iso-string@0.0.2
22 silly idealTree ├── toidentifier@1.0.0
22 silly idealTree ├─┬ tough-cookie@2.4.3
22 silly idealTree │ └── punycode@1.4.1
22 silly idealTree ├── tunnel-agent@0.6.0
22 silly idealTree ├── tweetnacl@0.14.5
22 silly idealTree ├── type-detect@1.0.0
22 silly idealTree ├── type-is@1.6.18
22 silly idealTree ├── uc.micro@1.0.6
22 silly idealTree ├── underscore@1.9.1
22 silly idealTree ├── unpipe@1.0.0
22 silly idealTree ├── uri-js@4.2.2
22 silly idealTree ├── util-deprecate@1.0.2
22 silly idealTree ├── utils-merge@1.0.1
22 silly idealTree ├── uuid@3.3.2
22 silly idealTree ├── vary@1.1.2
22 silly idealTree ├── verror@1.10.0
22 silly idealTree └── xmlcreate@2.0.1
23 silly generateActionsToTake Starting
24 silly install generateActionsToTake
25 silly generateActionsToTake Finishing
26 silly diffTrees action count 0
27 silly decomposeActions action count 0
28 silly runTopLevelLifecycles Starting
29 silly install runPreinstallTopLevelLifecycles
30 silly preinstall shortly-express@1.1.0 /Users/student/hrsf122-shortly-express/shortly-express-543f2caf
31 info lifecycle shortly-express@1.1.0~preinstall: shortly-express@1.1.0
32 silly lifecycle shortly-express@1.1.0~preinstall: no script for preinstall, continuing
33 silly executeActions Starting
34 silly install executeActions
35 silly doSerial global-install 0
36 silly doParallel fetch 0
37 verbose correctMkdir /Users/student/.npm/_locks correctMkdir not in flight; initializing
38 verbose lock using /Users/student/.npm/_locks/staging-37e5022d3e8bec3c.lock for /Users/student/hrsf122-shortly-express/node_modules/.staging
39 silly doParallel extract 0
40 silly doParallel preinstall 0
41 silly doReverseSerial remove 0
42 silly doSerial move 0
43 silly doSerial finalize 0
44 silly doSerial build 0
45 silly doSerial global-link 0
46 silly doParallel update-linked 0
47 silly doSerial install 0
48 silly doSerial postinstall 0
49 verbose unlock done using /Users/student/.npm/_locks/staging-37e5022d3e8bec3c.lock for /Users/student/hrsf122-shortly-express/node_modules/.staging
50 silly executeActions Finishing
51 silly rollbackFailedOptional Starting
52 silly rollbackFailedOptional Finishing
53 silly install runPostinstallTopLevelLifecycles
54 silly build shortly-express@1.1.0
55 info linkStuff shortly-express@1.1.0
56 silly linkStuff shortly-express@1.1.0 has /Users/student as its parent node_modules
57 verbose linkBins shortly-express@1.1.0
58 verbose linkMans shortly-express@1.1.0
59 silly install shortly-express@1.1.0 /Users/student/hrsf122-shortly-express/shortly-express-543f2caf
60 info lifecycle shortly-express@1.1.0~install: shortly-express@1.1.0
61 silly lifecycle shortly-express@1.1.0~install: no script for install, continuing
62 silly postinstall shortly-express@1.1.0 /Users/student/hrsf122-shortly-express/shortly-express-543f2caf
63 info lifecycle shortly-express@1.1.0~postinstall: shortly-express@1.1.0
64 verbose lifecycle shortly-express@1.1.0~postinstall: unsafe-perm in lifecycle true
65 verbose lifecycle shortly-express@1.1.0~postinstall: PATH: /Users/student/.nvm/versions/node/v6.11.3/lib/node_modules/npm/bin/node-gyp-bin:/Users/student/hrsf122-shortly-express/node_modules/.bin:/Users/student/.nvm/versions/node/v6.11.3/bin:/usr/local/opt/sqlite/bin:/usr/local/bin:/usr/bin:/bin:/usr/sbin:/sbin:/Applications/Visual Studio Code.app/Contents/Resources/app/bin
66 verbose lifecycle shortly-express@1.1.0~postinstall: CWD: /Users/student/hrsf122-shortly-express
67 silly lifecycle shortly-express@1.1.0~postinstall: Args: [ '-c',
67 silly lifecycle   'curl -s https://raw.githubusercontent.com/reactorcore/pomander/master/bin/install | bash && ./node_modules/.bin/jsdoc ./server -r -d docs' ]
68 silly lifecycle shortly-express@1.1.0~postinstall: Returned: code: 1  signal: null
69 info lifecycle shortly-express@1.1.0~postinstall: Failed to exec postinstall script
70 verbose stack Error: shortly-express@1.1.0 postinstall: `curl -s https://raw.githubusercontent.com/reactorcore/pomander/master/bin/install | bash && ./node_modules/.bin/jsdoc ./server -r -d docs`
70 verbose stack Exit status 1
70 verbose stack     at EventEmitter.<anonymous> (/Users/student/.nvm/versions/node/v6.11.3/lib/node_modules/npm/lib/utils/lifecycle.js:255:16)
70 verbose stack     at emitTwo (events.js:106:13)
70 verbose stack     at EventEmitter.emit (events.js:191:7)
70 verbose stack     at ChildProcess.<anonymous> (/Users/student/.nvm/versions/node/v6.11.3/lib/node_modules/npm/lib/utils/spawn.js:40:14)
70 verbose stack     at emitTwo (events.js:106:13)
70 verbose stack     at ChildProcess.emit (events.js:191:7)
70 verbose stack     at maybeClose (internal/child_process.js:920:16)
70 verbose stack     at Process.ChildProcess._handle.onexit (internal/child_process.js:230:5)
71 verbose pkgid shortly-express@1.1.0
72 verbose cwd /Users/student/hrsf122-shortly-express
73 error Darwin 16.7.0
74 error argv "/Users/student/.nvm/versions/node/v6.11.3/bin/node" "/Users/student/.nvm/versions/node/v6.11.3/bin/npm" "install"
75 error node v6.11.3
76 error npm  v3.10.10
77 error code ELIFECYCLE
78 error shortly-express@1.1.0 postinstall: `curl -s https://raw.githubusercontent.com/reactorcore/pomander/master/bin/install | bash && ./node_modules/.bin/jsdoc ./server -r -d docs`
78 error Exit status 1
79 error Failed at the shortly-express@1.1.0 postinstall script 'curl -s https://raw.githubusercontent.com/reactorcore/pomander/master/bin/install | bash && ./node_modules/.bin/jsdoc ./server -r -d docs'.
79 error Make sure you have the latest version of node.js and npm installed.
79 error If you do, this is most likely a problem with the shortly-express package,
79 error not with npm itself.
79 error Tell the author that this fails on your system:
79 error     curl -s https://raw.githubusercontent.com/reactorcore/pomander/master/bin/install | bash && ./node_modules/.bin/jsdoc ./server -r -d docs
79 error You can get information on how to open an issue for this project with:
79 error     npm bugs shortly-express
79 error Or if that isn't available, you can get their info via:
79 error     npm owner ls shortly-express
79 error There is likely additional logging output above.
80 verbose exit [ 1, true ]
